<?xml version="1.0" encoding="UTF-8"?>
<!-- Generated by org.testng.reporters.JUnitXMLReporter -->
<testsuite ignored="0" hostname="shubham-PC" failures="0" tests="3" name="ChromeTest" time="0.403" errors="0" timestamp="2022-07-20T00:40:26 IST">
  <testcase classname="test.crossbrowser" name="@BeforeTest launchBrowser" time="0.254">
    <failure type="java.lang.IllegalStateException" message="The driver executable does not exist: C:\browser\chromedriver.exe">
      <![CDATA[java.lang.IllegalStateException: The driver executable does not exist: C:\browser\chromedriver.exe
at com.google.common.base.Preconditions.checkState(Preconditions.java:585)
at org.openqa.selenium.remote.service.DriverService.checkExecutable(DriverService.java:146)
at org.openqa.selenium.remote.service.DriverService.findExecutable(DriverService.java:141)
at org.openqa.selenium.chrome.ChromeDriverService.access$000(ChromeDriverService.java:35)
at org.openqa.selenium.chrome.ChromeDriverService$Builder.findDefaultExecutable(ChromeDriverService.java:159)
at org.openqa.selenium.remote.service.DriverService$Builder.build(DriverService.java:355)
at org.openqa.selenium.chrome.ChromeDriverService.createDefaultService(ChromeDriverService.java:94)
at org.openqa.selenium.chrome.ChromeDriver.<init>(ChromeDriver.java:157)
at browser.Base.openchromeBrowser(Base.java:13)
at test.crossbrowser.launchBrowser(crossbrowser.java:30)
... Removed 22 stack frames]]>
    </failure>
  </testcase> <!-- @BeforeTest launchBrowser -->
  <testcase classname="test.crossbrowser" name="@BeforeClass POMobject" time="-1.658257826649E9">
    <skipped/>
  </testcase> <!-- @BeforeClass POMobject -->
  <testcase classname="test.crossbrowser" name="@BeforeMethod loginToApplication" time="-1.658257826668E9">
    <skipped/>
  </testcase> <!-- @BeforeMethod loginToApplication -->
  <testcase classname="test.crossbrowser" name="@AfterMethod aftermethod" time="-1.658257826677E9">
    <skipped/>
  </testcase> <!-- @AfterMethod aftermethod -->
  <testcase classname="test.crossbrowser" name="@BeforeMethod loginToApplication" time="-1.658257826687E9">
    <skipped/>
  </testcase> <!-- @BeforeMethod loginToApplication -->
  <testcase classname="test.crossbrowser" name="@AfterMethod aftermethod" time="-1.658257826697E9">
    <skipped/>
  </testcase> <!-- @AfterMethod aftermethod -->
  <testcase classname="test.crossbrowser" name="@BeforeMethod loginToApplication" time="-1.658257826701E9">
    <skipped/>
  </testcase> <!-- @BeforeMethod loginToApplication -->
  <testcase classname="test.crossbrowser" name="@AfterMethod aftermethod" time="-1.658257826708E9">
    <skipped/>
  </testcase> <!-- @AfterMethod aftermethod -->
  <testcase classname="test.crossbrowser" name="@AfterClass afterclass" time="-1.658257826714E9">
    <skipped/>
  </testcase> <!-- @AfterClass afterclass -->
  <testcase classname="test.crossbrowser" name="@AfterTest closeBrowser1" time="-1.65825782672E9">
    <skipped/>
  </testcase> <!-- @AfterTest closeBrowser1 -->
  <testcase classname="test.crossbrowser" name="VerifyingHoldingsPage" time="0.0">
    <skipped/>
  </testcase> <!-- VerifyingHoldingsPage -->
  <testcase classname="test.crossbrowser" name="VerifyingOrdersPage" time="0.0">
    <skipped/>
  </testcase> <!-- VerifyingOrdersPage -->
  <testcase classname="test.crossbrowser" name="VerifyingPositionsPage" time="0.0">
    <skipped/>
  </testcase> <!-- VerifyingPositionsPage -->
</testsuite> <!-- ChromeTest -->
