<?xml version="1.0" encoding="UTF-8"?>
<!-- Generated by org.testng.reporters.JUnitXMLReporter -->
<testsuite ignored="0" hostname="shubham-PC" failures="0" tests="3" name="FirefoxTest" time="0.261" errors="0" timestamp="2022-07-20T00:40:27 IST">
  <testcase classname="test.crossbrowser" name="@BeforeTest launchBrowser" time="0.175">
    <failure type="java.lang.IllegalStateException" message="The driver executable does not exist: C:\browser\geckodriver.exe">
      <![CDATA[java.lang.IllegalStateException: The driver executable does not exist: C:\browser\geckodriver.exe
at com.google.common.base.Preconditions.checkState(Preconditions.java:585)
at org.openqa.selenium.remote.service.DriverService.checkExecutable(DriverService.java:146)
at org.openqa.selenium.remote.service.DriverService.findExecutable(DriverService.java:141)
at org.openqa.selenium.firefox.GeckoDriverService.access$100(GeckoDriverService.java:44)
at org.openqa.selenium.firefox.GeckoDriverService$Builder.findDefaultExecutable(GeckoDriverService.java:167)
at org.openqa.selenium.remote.service.DriverService$Builder.build(DriverService.java:355)
at org.openqa.selenium.firefox.FirefoxDriver.toExecutor(FirefoxDriver.java:190)
at org.openqa.selenium.firefox.FirefoxDriver.<init>(FirefoxDriver.java:147)
at org.openqa.selenium.firefox.FirefoxDriver.<init>(FirefoxDriver.java:125)
at browser.Base.openFireFoxBrowser(Base.java:18)
at test.crossbrowser.launchBrowser(crossbrowser.java:33)
... Removed 22 stack frames]]>
    </failure>
  </testcase> <!-- @BeforeTest launchBrowser -->
  <testcase classname="test.crossbrowser" name="@BeforeClass POMobject" time="-1.658257827157E9">
    <skipped/>
  </testcase> <!-- @BeforeClass POMobject -->
  <testcase classname="test.crossbrowser" name="@BeforeMethod loginToApplication" time="-1.658257827161E9">
    <skipped/>
  </testcase> <!-- @BeforeMethod loginToApplication -->
  <testcase classname="test.crossbrowser" name="@AfterMethod aftermethod" time="-1.658257827175E9">
    <skipped/>
  </testcase> <!-- @AfterMethod aftermethod -->
  <testcase classname="test.crossbrowser" name="@BeforeMethod loginToApplication" time="-1.65825782718E9">
    <skipped/>
  </testcase> <!-- @BeforeMethod loginToApplication -->
  <testcase classname="test.crossbrowser" name="@AfterMethod aftermethod" time="-1.65825782719E9">
    <skipped/>
  </testcase> <!-- @AfterMethod aftermethod -->
  <testcase classname="test.crossbrowser" name="@BeforeMethod loginToApplication" time="-1.658257827196E9">
    <skipped/>
  </testcase> <!-- @BeforeMethod loginToApplication -->
  <testcase classname="test.crossbrowser" name="@AfterMethod aftermethod" time="-1.658257827207E9">
    <skipped/>
  </testcase> <!-- @AfterMethod aftermethod -->
  <testcase classname="test.crossbrowser" name="@AfterClass afterclass" time="-1.658257827217E9">
    <skipped/>
  </testcase> <!-- @AfterClass afterclass -->
  <testcase classname="test.crossbrowser" name="@AfterTest closeBrowser1" time="-1.658257827221E9">
    <skipped/>
  </testcase> <!-- @AfterTest closeBrowser1 -->
  <testcase classname="test.crossbrowser" name="VerifyingHoldingsPage" time="0.0">
    <skipped/>
  </testcase> <!-- VerifyingHoldingsPage -->
  <testcase classname="test.crossbrowser" name="VerifyingOrdersPage" time="0.0">
    <skipped/>
  </testcase> <!-- VerifyingOrdersPage -->
  <testcase classname="test.crossbrowser" name="VerifyingPositionsPage" time="0.0">
    <skipped/>
  </testcase> <!-- VerifyingPositionsPage -->
</testsuite> <!-- FirefoxTest -->
